2024-11-19T14:44:02.315+09:00  INFO 98846 --- [SpringStudy] [main] c.h.springstudy.SpringStudyApplication   : Starting SpringStudyApplication using Java 17.0.10 with PID 98846 (/Users/mqv/Documents/study/SpringStudy/build/classes/java/main started by mqv in /Users/mqv/Documents/study/SpringStudy)
2024-11-19T14:44:02.320+09:00 DEBUG 98846 --- [SpringStudy] [main] c.h.springstudy.SpringStudyApplication   : Running with Spring Boot v3.3.5, Spring v6.1.14
2024-11-19T14:44:02.322+09:00  INFO 98846 --- [SpringStudy] [main] c.h.springstudy.SpringStudyApplication   : No active profile set, falling back to 1 default profile: "default"
2024-11-19T14:44:03.163+09:00  INFO 98846 --- [SpringStudy] [main] .s.d.r.c.RepositoryConfigurationDelegate : Bootstrapping Spring Data JPA repositories in DEFAULT mode.
2024-11-19T14:44:03.177+09:00  INFO 98846 --- [SpringStudy] [main] .s.d.r.c.RepositoryConfigurationDelegate : Finished Spring Data repository scanning in 9 ms. Found 0 JPA repository interfaces.
2024-11-19T14:44:03.625+09:00  INFO 98846 --- [SpringStudy] [main] o.s.b.w.embedded.tomcat.TomcatWebServer  : Tomcat initialized with port 8080 (http)
2024-11-19T14:44:03.637+09:00  INFO 98846 --- [SpringStudy] [main] o.apache.catalina.core.StandardService   : Starting service [Tomcat]
2024-11-19T14:44:03.638+09:00  INFO 98846 --- [SpringStudy] [main] o.apache.catalina.core.StandardEngine    : Starting Servlet engine: [Apache Tomcat/10.1.31]
2024-11-19T14:44:03.676+09:00  INFO 98846 --- [SpringStudy] [main] o.a.c.c.C.[Tomcat].[localhost].[/]       : Initializing Spring embedded WebApplicationContext
2024-11-19T14:44:03.676+09:00  INFO 98846 --- [SpringStudy] [main] w.s.c.ServletWebServerApplicationContext : Root WebApplicationContext: initialization completed in 1283 ms
2024-11-19T14:44:03.780+09:00  INFO 98846 --- [SpringStudy] [main] o.hibernate.jpa.internal.util.LogHelper  : HHH000204: Processing PersistenceUnitInfo [name: default]
2024-11-19T14:44:03.808+09:00  INFO 98846 --- [SpringStudy] [main] org.hibernate.Version                    : HHH000412: Hibernate ORM core version 6.5.3.Final
2024-11-19T14:44:03.825+09:00  INFO 98846 --- [SpringStudy] [main] o.h.c.internal.RegionFactoryInitiator    : HHH000026: Second-level cache disabled
2024-11-19T14:44:04.028+09:00  INFO 98846 --- [SpringStudy] [main] o.s.o.j.p.SpringPersistenceUnitInfo      : No LoadTimeWeaver setup: ignoring JPA class transformer
2024-11-19T14:44:04.048+09:00  INFO 98846 --- [SpringStudy] [main] com.zaxxer.hikari.HikariDataSource       : HikariPool-1 - Starting...
2024-11-19T14:44:04.335+09:00  INFO 98846 --- [SpringStudy] [main] com.zaxxer.hikari.pool.HikariPool        : HikariPool-1 - Added connection com.mysql.cj.jdbc.ConnectionImpl@69d667a5
2024-11-19T14:44:04.337+09:00  INFO 98846 --- [SpringStudy] [main] com.zaxxer.hikari.HikariDataSource       : HikariPool-1 - Start completed.
2024-11-19T14:44:04.584+09:00  INFO 98846 --- [SpringStudy] [main] o.h.e.t.j.p.i.JtaPlatformInitiator       : HHH000489: No JTA platform available (set 'hibernate.transaction.jta.platform' to enable JTA platform integration)
2024-11-19T14:44:04.587+09:00  INFO 98846 --- [SpringStudy] [main] j.LocalContainerEntityManagerFactoryBean : Initialized JPA EntityManagerFactory for persistence unit 'default'
2024-11-19T14:44:04.646+09:00  WARN 98846 --- [SpringStudy] [main] JpaBaseConfiguration$JpaWebConfiguration : spring.jpa.open-in-view is enabled by default. Therefore, database queries may be performed during view rendering. Explicitly configure spring.jpa.open-in-view to disable this warning
2024-11-19T14:44:04.987+09:00  WARN 98846 --- [SpringStudy] [main] .s.s.UserDetailsServiceAutoConfiguration : 

Using generated security password: 32e68289-d24e-4662-a4b4-bc2873a4b323

This generated password is for development use only. Your security configuration must be updated before running your application in production.

2024-11-19T14:44:04.998+09:00  INFO 98846 --- [SpringStudy] [main] r$InitializeUserDetailsManagerConfigurer : Global AuthenticationManager configured with UserDetailsService bean with name inMemoryUserDetailsManager
2024-11-19T14:44:05.136+09:00  INFO 98846 --- [SpringStudy] [main] o.s.b.w.embedded.tomcat.TomcatWebServer  : Tomcat started on port 8080 (http) with context path '/'
2024-11-19T14:44:05.145+09:00  INFO 98846 --- [SpringStudy] [main] c.h.springstudy.SpringStudyApplication   : Started SpringStudyApplication in 3.753 seconds (process running for 4.965)
2024-11-19T14:44:25.413+09:00  INFO 98846 --- [SpringStudy] [SpringApplicationShutdownHook] j.LocalContainerEntityManagerFactoryBean : Closing JPA EntityManagerFactory for persistence unit 'default'
2024-11-19T14:44:25.417+09:00  INFO 98846 --- [SpringStudy] [SpringApplicationShutdownHook] com.zaxxer.hikari.HikariDataSource       : HikariPool-1 - Shutdown initiated...
2024-11-19T14:44:25.442+09:00  INFO 98846 --- [SpringStudy] [SpringApplicationShutdownHook] com.zaxxer.hikari.HikariDataSource       : HikariPool-1 - Shutdown completed.
